mode: set
kostless/mocks/repo-mock/kost_repository_mock.go:13.68,16.2 2 0
kostless/mocks/repo-mock/kost_repository_mock.go:18.68,21.2 2 0
kostless/mocks/repo-mock/kost_repository_mock.go:23.51,26.2 2 0
kostless/mocks/repo-mock/kost_repository_mock.go:28.65,31.2 2 0
kostless/mocks/repo-mock/room_repository_mock.go:13.72,16.2 2 0
kostless/mocks/repo-mock/room_repository_mock.go:18.60,21.2 2 0
kostless/mocks/repo-mock/room_repository_mock.go:23.67,26.2 2 0
kostless/mocks/repo-mock/room_repository_mock.go:28.89,31.2 2 0
kostless/mocks/repo-mock/room_repository_mock.go:33.88,36.2 2 0
kostless/mocks/repo-mock/room_repository_mock.go:38.72,41.2 2 0
kostless/mocks/repo-mock/room_repository_mock.go:43.52,46.2 2 0
kostless/mocks/repo-mock/seeker_repo_mock.go:13.56,16.2 2 0
kostless/mocks/repo-mock/seeker_repo_mock.go:18.67,21.2 2 0
kostless/mocks/repo-mock/seeker_repo_mock.go:23.74,26.2 2 0
kostless/mocks/repo-mock/seeker_repo_mock.go:28.84,31.2 2 0
kostless/mocks/repo-mock/seeker_repo_mock.go:33.78,36.2 2 0
kostless/mocks/repo-mock/seeker_repo_mock.go:38.78,41.2 2 0
kostless/mocks/repo-mock/seeker_repo_mock.go:43.68,46.2 2 0
kostless/mocks/repo-mock/transRepo_mock.go:14.77,17.2 2 0
kostless/mocks/repo-mock/transRepo_mock.go:19.70,22.2 2 0
kostless/mocks/repo-mock/transRepo_mock.go:24.66,27.2 2 0
kostless/mocks/repo-mock/transRepo_mock.go:29.66,32.2 2 0
kostless/mocks/repo-mock/transRepo_mock.go:34.91,37.2 2 0
kostless/mocks/repo-mock/transRepo_mock.go:39.92,42.2 2 0
kostless/mocks/repo-mock/user_repo_mock.go:13.67,16.2 2 0
kostless/mocks/repo-mock/user_repo_mock.go:18.76,21.2 2 0
kostless/mocks/repo-mock/user_repo_mock.go:23.75,26.2 2 0
kostless/mocks/repo-mock/user_repo_mock.go:28.79,31.2 2 0
kostless/mocks/repo-mock/voucher_repository_mock.go:14.94,17.2 2 0
kostless/mocks/repo-mock/voucher_repository_mock.go:19.56,22.2 2 0
kostless/mocks/repo-mock/voucher_repository_mock.go:24.68,27.2 2 0
kostless/mocks/repo-mock/voucher_repository_mock.go:29.84,32.2 2 0
kostless/main.go:3.12,5.2 1 0
kostless/server.go:31.34,39.2 7 0
kostless/server.go:41.26,44.2 2 0
kostless/server.go:46.26,48.16 2 0
kostless/server.go:48.16,50.3 1 0
kostless/server.go:52.2,55.16 3 0
kostless/server.go:55.16,57.3 1 0
kostless/server.go:58.2,87.3 16 0
kostless/mocks/util-mock/jwt_mock.go:14.86,17.2 2 0
kostless/mocks/util-mock/jwt_mock.go:19.81,22.2 2 0
kostless/mocks/service-mock/kost_service_mock.go:14.80,17.2 2 0
kostless/mocks/service-mock/kost_service_mock.go:19.91,22.2 2 0
kostless/mocks/service-mock/kost_service_mock.go:24.54,27.2 2 0
kostless/mocks/service-mock/kost_service_mock.go:29.68,32.2 2 0
kostless/mocks/service-mock/room_service_mock.go:14.83,17.2 2 0
kostless/mocks/service-mock/room_service_mock.go:19.63,22.2 2 0
kostless/mocks/service-mock/room_service_mock.go:24.70,27.2 2 0
kostless/mocks/service-mock/room_service_mock.go:29.92,32.2 2 0
kostless/mocks/service-mock/room_service_mock.go:34.95,37.2 2 0
kostless/mocks/service-mock/room_service_mock.go:39.75,42.2 2 0
kostless/mocks/service-mock/room_service_mock.go:44.55,47.2 2 0
kostless/mocks/service-mock/seeker_service_mock.go:14.92,17.2 2 0
kostless/mocks/service-mock/seeker_service_mock.go:19.84,22.2 2 0
kostless/mocks/service-mock/seeker_service_mock.go:24.77,27.2 2 0
kostless/mocks/service-mock/seeker_service_mock.go:29.70,32.2 2 0
kostless/mocks/service-mock/seeker_service_mock.go:34.89,37.2 2 0
kostless/mocks/service-mock/seeker_service_mock.go:39.59,42.2 2 0
kostless/mocks/service-mock/seeker_service_mock.go:44.87,47.2 2 0
kostless/mocks/service-mock/transService_mock.go:14.89,17.2 2 0
kostless/mocks/service-mock/transService_mock.go:19.73,22.2 2 0
kostless/mocks/service-mock/transService_mock.go:24.69,27.2 2 0
kostless/mocks/service-mock/transService_mock.go:29.69,32.2 2 0
kostless/mocks/service-mock/transService_mock.go:34.87,37.2 2 0
kostless/mocks/service-mock/transService_mock.go:39.105,42.2 2 0
kostless/mocks/service-mock/user_service_mock.go:14.82,17.2 2 0
kostless/mocks/service-mock/user_service_mock.go:19.82,22.2 2 0
kostless/mocks/service-mock/user_service_mock.go:24.82,27.2 2 0
kostless/mocks/service-mock/user_service_mock.go:29.66,32.2 2 0
kostless/mocks/service-mock/voucher_service_mock.go:14.97,17.2 2 0
kostless/mocks/service-mock/voucher_service_mock.go:19.59,22.2 2 0
kostless/mocks/service-mock/voucher_service_mock.go:24.71,27.2 2 0
kostless/mocks/service-mock/voucher_service_mock.go:29.87,32.2 2 0
kostless/middleware/auth_middleware.go:20.55,21.32 1 0
kostless/middleware/auth_middleware.go:21.32,23.23 2 0
kostless/middleware/auth_middleware.go:23.23,26.4 2 0
kostless/middleware/auth_middleware.go:27.3,30.17 4 0
kostless/middleware/auth_middleware.go:30.17,34.4 3 0
kostless/middleware/auth_middleware.go:35.3,36.13 2 0
kostless/middleware/auth_middleware.go:40.62,42.2 1 0
kostless/config/config.go:36.35,38.44 2 0
kostless/config/config.go:38.44,40.3 1 0
kostless/config/config.go:41.2,41.20 1 0
kostless/config/config.go:45.37,47.16 2 0
kostless/config/config.go:47.16,49.3 1 0
kostless/config/config.go:50.2,51.16 2 0
kostless/config/config.go:51.16,53.3 1 0
kostless/config/config.go:54.2,71.12 4 0
kostless/mocks/middleware-mock/auth_middleware_mock.go:12.59,13.32 1 0
kostless/mocks/middleware-mock/auth_middleware_mock.go:13.33,13.34 0 0
kostless/controller/kos_controller.go:17.87,19.2 1 0
kostless/controller/kos_controller.go:21.33,27.2 5 0
kostless/controller/kos_controller.go:29.53,32.16 3 0
kostless/controller/kos_controller.go:32.16,35.3 2 0
kostless/controller/kos_controller.go:37.2,38.16 2 0
kostless/controller/kos_controller.go:38.16,41.3 2 0
kostless/controller/kos_controller.go:43.2,43.66 1 0
kostless/controller/kos_controller.go:46.53,50.16 4 0
kostless/controller/kos_controller.go:50.16,53.3 2 0
kostless/controller/kos_controller.go:55.2,56.16 2 0
kostless/controller/kos_controller.go:56.16,59.3 2 0
kostless/controller/kos_controller.go:61.2,61.61 1 0
kostless/controller/kos_controller.go:64.53,68.16 3 0
kostless/controller/kos_controller.go:68.16,71.3 2 0
kostless/controller/kos_controller.go:73.2,73.68 1 0
kostless/controller/kos_controller.go:76.54,80.16 3 0
kostless/controller/kos_controller.go:80.16,83.3 2 0
kostless/controller/kos_controller.go:85.2,85.61 1 0
kostless/controller/room_controller.go:17.90,19.2 1 0
kostless/controller/room_controller.go:21.34,30.2 8 0
kostless/controller/room_controller.go:32.55,35.16 3 0
kostless/controller/room_controller.go:35.16,38.3 2 0
kostless/controller/room_controller.go:40.2,41.16 2 0
kostless/controller/room_controller.go:41.16,44.3 2 0
kostless/controller/room_controller.go:46.2,46.67 1 0
kostless/controller/room_controller.go:49.55,52.16 3 0
kostless/controller/room_controller.go:52.16,55.3 2 0
kostless/controller/room_controller.go:57.2,59.16 3 0
kostless/controller/room_controller.go:59.16,62.3 2 0
kostless/controller/room_controller.go:64.2,72.16 8 0
kostless/controller/room_controller.go:72.16,75.3 2 0
kostless/controller/room_controller.go:77.2,77.69 1 0
kostless/controller/room_controller.go:80.56,82.16 2 0
kostless/controller/room_controller.go:82.16,85.3 2 0
kostless/controller/room_controller.go:87.2,87.63 1 0
kostless/controller/room_controller.go:90.56,93.16 3 0
kostless/controller/room_controller.go:93.16,96.3 2 0
kostless/controller/room_controller.go:98.2,98.62 1 0
kostless/controller/room_controller.go:101.66,103.58 2 0
kostless/controller/room_controller.go:103.58,106.3 2 0
kostless/controller/room_controller.go:108.2,109.16 2 0
kostless/controller/room_controller.go:109.16,112.3 2 0
kostless/controller/room_controller.go:114.2,114.63 1 0
kostless/controller/room_controller.go:117.75,120.16 3 0
kostless/controller/room_controller.go:120.16,123.3 2 0
kostless/controller/room_controller.go:125.2,125.63 1 0
kostless/controller/room_controller.go:128.55,131.16 3 0
kostless/controller/room_controller.go:131.16,134.3 2 0
kostless/controller/room_controller.go:136.2,136.68 1 0
kostless/controller/seeker_controller.go:23.60,25.60 2 0
kostless/controller/seeker_controller.go:25.60,28.3 2 0
kostless/controller/seeker_controller.go:30.2,31.16 2 0
kostless/controller/seeker_controller.go:31.16,35.3 3 0
kostless/controller/seeker_controller.go:36.2,36.79 1 0
kostless/controller/seeker_controller.go:40.53,42.61 2 0
kostless/controller/seeker_controller.go:42.61,45.3 2 0
kostless/controller/seeker_controller.go:46.2,47.19 2 0
kostless/controller/seeker_controller.go:47.19,50.3 2 0
kostless/controller/seeker_controller.go:51.2,51.68 1 0
kostless/controller/seeker_controller.go:54.55,57.16 3 0
kostless/controller/seeker_controller.go:57.16,61.3 3 0
kostless/controller/seeker_controller.go:62.2,62.69 1 0
kostless/controller/seeker_controller.go:65.55,67.16 2 0
kostless/controller/seeker_controller.go:67.16,70.3 2 0
kostless/controller/seeker_controller.go:71.2,71.71 1 0
kostless/controller/seeker_controller.go:74.55,76.52 2 0
kostless/controller/seeker_controller.go:76.52,79.3 2 0
kostless/controller/seeker_controller.go:80.2,81.56 2 0
kostless/controller/seeker_controller.go:81.56,84.3 2 0
kostless/controller/seeker_controller.go:85.2,85.72 1 0
kostless/controller/seeker_controller.go:88.54,90.47 2 0
kostless/controller/seeker_controller.go:90.47,93.3 2 0
kostless/controller/seeker_controller.go:94.2,94.68 1 0
kostless/controller/seeker_controller.go:97.62,102.53 2 0
kostless/controller/seeker_controller.go:102.53,105.3 2 0
kostless/controller/seeker_controller.go:106.2,106.87 1 0
kostless/controller/seeker_controller.go:106.87,109.3 2 0
kostless/controller/seeker_controller.go:110.2,110.91 1 0
kostless/controller/seeker_controller.go:114.31,123.2 8 0
kostless/controller/seeker_controller.go:125.108,127.2 1 0
kostless/controller/transController.go:18.62,21.16 3 0
kostless/controller/transController.go:21.16,24.3 2 0
kostless/controller/transController.go:26.2,27.16 2 0
kostless/controller/transController.go:27.16,30.3 2 0
kostless/controller/transController.go:32.2,32.76 1 0
kostless/controller/transController.go:35.63,39.16 3 0
kostless/controller/transController.go:39.16,42.3 2 0
kostless/controller/transController.go:44.2,44.73 1 0
kostless/controller/transController.go:47.66,49.16 2 0
kostless/controller/transController.go:49.16,52.3 2 0
kostless/controller/transController.go:54.2,54.73 1 0
kostless/controller/transController.go:57.66,59.16 2 0
kostless/controller/transController.go:59.16,62.3 2 0
kostless/controller/transController.go:64.2,64.87 1 0
kostless/controller/transController.go:67.58,73.16 5 0
kostless/controller/transController.go:73.16,76.3 2 0
kostless/controller/transController.go:78.2,78.84 1 0
kostless/controller/transController.go:81.64,84.16 3 0
kostless/controller/transController.go:84.16,86.3 1 0
kostless/controller/transController.go:88.2,89.16 2 0
kostless/controller/transController.go:89.16,91.3 1 0
kostless/controller/transController.go:93.2,93.80 1 0
kostless/controller/transController.go:96.35,104.2 7 0
kostless/controller/transController.go:106.93,111.2 1 0
kostless/controller/user_controller.go:23.52,25.58 2 0
kostless/controller/user_controller.go:25.58,28.3 2 0
kostless/controller/user_controller.go:30.2,31.16 2 0
kostless/controller/user_controller.go:31.16,35.3 3 0
kostless/controller/user_controller.go:36.2,36.79 1 0
kostless/controller/user_controller.go:40.45,42.61 2 0
kostless/controller/user_controller.go:42.61,45.3 2 0
kostless/controller/user_controller.go:46.2,47.19 2 0
kostless/controller/user_controller.go:47.19,50.3 2 0
kostless/controller/user_controller.go:51.2,51.68 1 0
kostless/controller/user_controller.go:55.49,58.16 3 0
kostless/controller/user_controller.go:58.16,62.3 3 0
kostless/controller/user_controller.go:63.2,63.64 1 0
kostless/controller/user_controller.go:66.50,68.57 2 0
kostless/controller/user_controller.go:68.57,71.3 2 0
kostless/controller/user_controller.go:72.2,74.16 3 0
kostless/controller/user_controller.go:74.16,77.3 2 0
kostless/controller/user_controller.go:78.2,79.16 2 0
kostless/controller/user_controller.go:79.16,82.3 2 0
kostless/controller/user_controller.go:83.2,83.70 1 0
kostless/controller/user_controller.go:87.29,93.2 5 0
kostless/controller/user_controller.go:95.102,97.2 1 0
kostless/controller/voucher_controller.go:17.66,20.16 3 0
kostless/controller/voucher_controller.go:20.16,23.3 2 0
kostless/controller/voucher_controller.go:25.2,26.16 2 0
kostless/controller/voucher_controller.go:26.16,29.3 2 0
kostless/controller/voucher_controller.go:30.2,30.86 1 0
kostless/controller/voucher_controller.go:33.73,35.16 2 0
kostless/controller/voucher_controller.go:35.16,37.3 1 0
kostless/controller/voucher_controller.go:39.2,39.80 1 0
kostless/controller/voucher_controller.go:42.66,44.16 2 0
kostless/controller/voucher_controller.go:44.16,46.3 1 0
kostless/controller/voucher_controller.go:47.2,47.80 1 0
kostless/controller/voucher_controller.go:50.72,53.16 3 0
kostless/controller/voucher_controller.go:53.16,55.3 1 0
kostless/controller/voucher_controller.go:56.2,56.80 1 0
kostless/controller/voucher_controller.go:58.37,64.2 5 0
kostless/controller/voucher_controller.go:66.99,71.2 1 0
kostless/util/hash_password.go:8.52,10.16 2 0
kostless/util/hash_password.go:10.16,12.3 1 0
kostless/util/hash_password.go:13.2,13.27 1 0
kostless/util/hash_password.go:16.53,18.2 1 0
kostless/util/jwt.go:22.83,34.16 4 0
kostless/util/jwt.go:34.16,36.3 1 0
kostless/util/jwt.go:37.2,37.42 1 0
kostless/util/jwt.go:40.78,41.83 1 0
kostless/util/jwt.go:41.83,43.3 1 0
kostless/util/jwt.go:44.2,44.16 1 0
kostless/util/jwt.go:44.16,46.3 1 0
kostless/util/jwt.go:47.2,48.61 2 0
kostless/util/jwt.go:48.61,51.3 2 0
kostless/util/jwt.go:52.2,52.20 1 0
kostless/util/jwt.go:55.47,57.2 1 0
kostless/util/response.go:20.76,26.2 1 0
kostless/util/response.go:28.64,33.2 1 0
kostless/util/response.go:34.58,39.2 1 0
kostless/util/response.go:41.48,44.2 2 0
kostless/util/response.go:46.40,49.2 2 0
kostless/repository/kos_repository.go:20.50,22.2 1 1
kostless/repository/kos_repository.go:24.69,28.16 4 1
kostless/repository/kos_repository.go:28.16,30.3 1 1
kostless/repository/kos_repository.go:32.2,32.17 1 1
kostless/repository/kos_repository.go:35.69,38.16 3 1
kostless/repository/kos_repository.go:38.16,40.3 1 1
kostless/repository/kos_repository.go:42.2,42.17 1 1
kostless/repository/kos_repository.go:45.52,48.16 3 1
kostless/repository/kos_repository.go:48.16,50.3 1 1
kostless/repository/kos_repository.go:52.2,52.12 1 1
kostless/repository/kos_repository.go:55.66,61.16 5 1
kostless/repository/kos_repository.go:61.16,63.3 1 1
kostless/repository/kos_repository.go:65.2,67.16 3 1
kostless/repository/kos_repository.go:67.16,69.3 1 1
kostless/repository/kos_repository.go:71.2,72.18 2 1
kostless/repository/kos_repository.go:72.18,75.17 3 1
kostless/repository/kos_repository.go:75.17,77.4 1 1
kostless/repository/kos_repository.go:78.3,78.30 1 1
kostless/repository/kos_repository.go:81.2,83.17 2 1
kostless/repository/room_repository.go:23.52,25.2 1 1
kostless/repository/room_repository.go:27.74,31.16 4 1
kostless/repository/room_repository.go:31.16,33.3 1 1
kostless/repository/room_repository.go:35.2,35.18 1 1
kostless/repository/room_repository.go:38.62,41.16 3 1
kostless/repository/room_repository.go:41.16,43.3 1 1
kostless/repository/room_repository.go:45.2,46.18 2 1
kostless/repository/room_repository.go:46.18,49.17 3 1
kostless/repository/room_repository.go:49.17,51.4 1 0
kostless/repository/room_repository.go:52.3,52.30 1 1
kostless/repository/room_repository.go:55.2,55.19 1 1
kostless/repository/room_repository.go:58.69,64.16 5 0
kostless/repository/room_repository.go:64.16,66.3 1 0
kostless/repository/room_repository.go:68.2,68.18 1 0
kostless/repository/room_repository.go:71.91,74.16 3 0
kostless/repository/room_repository.go:74.16,76.3 1 0
kostless/repository/room_repository.go:78.2,79.18 2 0
kostless/repository/room_repository.go:79.18,82.17 3 0
kostless/repository/room_repository.go:82.17,84.4 1 0
kostless/repository/room_repository.go:85.3,85.30 1 0
kostless/repository/room_repository.go:88.2,88.19 1 0
kostless/repository/room_repository.go:91.90,94.16 3 0
kostless/repository/room_repository.go:94.16,96.3 1 0
kostless/repository/room_repository.go:98.2,99.18 2 0
kostless/repository/room_repository.go:99.18,102.17 3 0
kostless/repository/room_repository.go:102.17,104.4 1 0
kostless/repository/room_repository.go:105.3,105.30 1 0
kostless/repository/room_repository.go:108.2,108.19 1 0
kostless/repository/room_repository.go:111.74,114.16 3 0
kostless/repository/room_repository.go:114.16,116.3 1 0
kostless/repository/room_repository.go:118.2,118.18 1 0
kostless/repository/room_repository.go:121.54,124.16 3 0
kostless/repository/room_repository.go:124.16,126.3 1 0
kostless/repository/room_repository.go:128.2,128.12 1 0
kostless/repository/seeker_repo.go:26.52,30.2 3 0
kostless/repository/seeker_repo.go:33.63,37.16 4 0
kostless/repository/seeker_repo.go:37.16,39.3 1 0
kostless/repository/seeker_repo.go:40.2,41.18 2 0
kostless/repository/seeker_repo.go:41.18,46.17 5 0
kostless/repository/seeker_repo.go:46.17,48.4 1 0
kostless/repository/seeker_repo.go:49.3,51.36 3 0
kostless/repository/seeker_repo.go:53.2,53.21 1 0
kostless/repository/seeker_repo.go:57.70,66.2 8 0
kostless/repository/seeker_repo.go:69.80,73.2 3 0
kostless/repository/seeker_repo.go:76.74,80.2 3 0
kostless/repository/seeker_repo.go:83.74,86.16 3 0
kostless/repository/seeker_repo.go:86.16,88.3 1 0
kostless/repository/seeker_repo.go:89.2,89.20 1 0
kostless/repository/seeker_repo.go:93.85,97.16 3 0
kostless/repository/seeker_repo.go:97.16,99.3 1 0
kostless/repository/seeker_repo.go:100.2,100.20 1 0
kostless/repository/seeker_repo.go:103.49,105.2 1 0
kostless/repository/transRepo.go:24.75,26.16 2 0
kostless/repository/transRepo.go:26.16,28.3 1 0
kostless/repository/transRepo.go:30.2,45.16 2 0
kostless/repository/transRepo.go:45.16,48.3 2 0
kostless/repository/transRepo.go:50.2,51.16 2 0
kostless/repository/transRepo.go:51.16,53.3 1 0
kostless/repository/transRepo.go:55.2,55.21 1 0
kostless/repository/transRepo.go:58.66,75.16 4 0
kostless/repository/transRepo.go:75.16,78.3 2 0
kostless/repository/transRepo.go:80.2,83.19 3 0
kostless/repository/transRepo.go:86.62,88.16 2 0
kostless/repository/transRepo.go:88.16,90.3 1 0
kostless/repository/transRepo.go:92.2,94.18 3 0
kostless/repository/transRepo.go:94.18,110.17 3 0
kostless/repository/transRepo.go:110.17,112.4 1 0
kostless/repository/transRepo.go:114.3,116.39 3 0
kostless/repository/transRepo.go:118.2,118.23 1 0
kostless/repository/transRepo.go:121.62,123.16 2 0
kostless/repository/transRepo.go:123.16,125.3 1 0
kostless/repository/transRepo.go:127.2,129.18 3 0
kostless/repository/transRepo.go:129.18,145.17 3 0
kostless/repository/transRepo.go:145.17,147.4 1 0
kostless/repository/transRepo.go:149.3,151.39 3 0
kostless/repository/transRepo.go:153.2,153.23 1 0
kostless/repository/transRepo.go:156.87,158.16 2 0
kostless/repository/transRepo.go:158.16,160.3 1 0
kostless/repository/transRepo.go:162.2,164.18 3 0
kostless/repository/transRepo.go:164.18,180.17 3 0
kostless/repository/transRepo.go:180.17,182.4 1 0
kostless/repository/transRepo.go:183.3,183.39 1 0
kostless/repository/transRepo.go:185.2,186.23 2 0
kostless/repository/transRepo.go:189.87,192.16 3 0
kostless/repository/transRepo.go:192.16,194.3 1 0
kostless/repository/transRepo.go:195.2,195.26 1 0
kostless/repository/transRepo.go:198.41,202.2 1 0
kostless/repository/user_repo.go:25.63,29.16 3 0
kostless/repository/user_repo.go:29.16,31.3 1 0
kostless/repository/user_repo.go:32.2,32.18 1 0
kostless/repository/user_repo.go:36.72,40.2 3 0
kostless/repository/user_repo.go:43.71,46.16 3 0
kostless/repository/user_repo.go:46.16,48.3 1 0
kostless/repository/user_repo.go:49.2,49.18 1 0
kostless/repository/user_repo.go:53.75,57.16 3 0
kostless/repository/user_repo.go:57.16,59.3 1 0
kostless/repository/user_repo.go:60.2,60.18 1 0
kostless/repository/user_repo.go:63.45,65.2 1 0
kostless/repository/voucher_repository.go:21.90,23.16 2 0
kostless/repository/voucher_repository.go:23.16,25.3 1 0
kostless/repository/voucher_repository.go:27.2,39.16 3 0
kostless/repository/voucher_repository.go:39.16,42.3 2 0
kostless/repository/voucher_repository.go:43.2,48.16 6 0
kostless/repository/voucher_repository.go:48.16,50.3 1 0
kostless/repository/voucher_repository.go:52.2,52.24 1 0
kostless/repository/voucher_repository.go:55.52,58.16 3 0
kostless/repository/voucher_repository.go:58.16,60.3 1 0
kostless/repository/voucher_repository.go:61.2,61.12 1 0
kostless/repository/voucher_repository.go:64.64,67.16 3 0
kostless/repository/voucher_repository.go:67.16,69.3 1 0
kostless/repository/voucher_repository.go:71.2,71.18 1 0
kostless/repository/voucher_repository.go:71.18,82.17 3 0
kostless/repository/voucher_repository.go:82.17,84.4 1 0
kostless/repository/voucher_repository.go:85.3,85.45 1 0
kostless/repository/voucher_repository.go:87.2,87.25 1 0
kostless/repository/voucher_repository.go:90.79,93.16 3 0
kostless/repository/voucher_repository.go:93.16,95.3 1 0
kostless/repository/voucher_repository.go:97.2,97.18 1 0
kostless/repository/voucher_repository.go:97.18,108.17 3 0
kostless/repository/voucher_repository.go:108.17,110.4 1 0
kostless/repository/voucher_repository.go:111.3,111.45 1 0
kostless/repository/voucher_repository.go:113.2,113.25 1 0
kostless/repository/voucher_repository.go:116.45,120.2 1 0
