mode: set
kostless/repository/kos_repository.go:20.50,22.2 1 1
kostless/repository/kos_repository.go:24.69,28.16 4 1
kostless/repository/kos_repository.go:28.16,30.3 1 1
kostless/repository/kos_repository.go:32.2,32.17 1 1
kostless/repository/kos_repository.go:35.69,38.16 3 1
kostless/repository/kos_repository.go:38.16,40.3 1 1
kostless/repository/kos_repository.go:42.2,42.17 1 1
kostless/repository/kos_repository.go:45.52,48.16 3 1
kostless/repository/kos_repository.go:48.16,50.3 1 1
kostless/repository/kos_repository.go:52.2,52.12 1 1
kostless/repository/kos_repository.go:55.66,61.16 5 1
kostless/repository/kos_repository.go:61.16,63.3 1 1
kostless/repository/kos_repository.go:65.2,67.16 3 1
kostless/repository/kos_repository.go:67.16,69.3 1 1
kostless/repository/kos_repository.go:71.2,72.18 2 1
kostless/repository/kos_repository.go:72.18,75.17 3 1
kostless/repository/kos_repository.go:75.17,77.4 1 1
kostless/repository/kos_repository.go:78.3,78.30 1 1
kostless/repository/kos_repository.go:81.2,83.17 2 1
kostless/repository/room_repository.go:23.52,25.2 1 1
kostless/repository/room_repository.go:27.74,31.16 4 1
kostless/repository/room_repository.go:31.16,33.3 1 1
kostless/repository/room_repository.go:35.2,35.18 1 1
kostless/repository/room_repository.go:38.62,41.16 3 1
kostless/repository/room_repository.go:41.16,43.3 1 1
kostless/repository/room_repository.go:45.2,46.18 2 1
kostless/repository/room_repository.go:46.18,49.17 3 1
kostless/repository/room_repository.go:49.17,51.4 1 1
kostless/repository/room_repository.go:52.3,52.30 1 1
kostless/repository/room_repository.go:55.2,55.19 1 1
kostless/repository/room_repository.go:58.69,64.16 5 1
kostless/repository/room_repository.go:64.16,66.3 1 1
kostless/repository/room_repository.go:68.2,68.18 1 1
kostless/repository/room_repository.go:71.91,74.16 3 1
kostless/repository/room_repository.go:74.16,76.3 1 1
kostless/repository/room_repository.go:78.2,79.18 2 1
kostless/repository/room_repository.go:79.18,82.17 3 1
kostless/repository/room_repository.go:82.17,84.4 1 1
kostless/repository/room_repository.go:85.3,85.30 1 1
kostless/repository/room_repository.go:88.2,88.19 1 1
kostless/repository/room_repository.go:91.90,94.16 3 1
kostless/repository/room_repository.go:94.16,96.3 1 1
kostless/repository/room_repository.go:98.2,99.18 2 1
kostless/repository/room_repository.go:99.18,102.17 3 1
kostless/repository/room_repository.go:102.17,104.4 1 1
kostless/repository/room_repository.go:105.3,105.30 1 1
kostless/repository/room_repository.go:108.2,108.19 1 1
kostless/repository/room_repository.go:111.74,114.16 3 1
kostless/repository/room_repository.go:114.16,116.3 1 1
kostless/repository/room_repository.go:118.2,118.18 1 1
kostless/repository/room_repository.go:121.54,124.16 3 1
kostless/repository/room_repository.go:124.16,126.3 1 1
kostless/repository/room_repository.go:128.2,128.12 1 1
kostless/repository/seeker_repo.go:26.52,30.2 3 1
kostless/repository/seeker_repo.go:33.64,37.16 4 1
kostless/repository/seeker_repo.go:37.16,39.3 1 1
kostless/repository/seeker_repo.go:40.2,41.18 2 1
kostless/repository/seeker_repo.go:41.18,46.17 5 1
kostless/repository/seeker_repo.go:46.17,48.4 1 1
kostless/repository/seeker_repo.go:49.3,51.36 3 1
kostless/repository/seeker_repo.go:53.2,53.21 1 1
kostless/repository/seeker_repo.go:57.70,66.2 8 1
kostless/repository/seeker_repo.go:69.80,73.2 3 1
kostless/repository/seeker_repo.go:76.74,80.2 3 1
kostless/repository/seeker_repo.go:83.74,86.16 3 1
kostless/repository/seeker_repo.go:86.16,88.3 1 0
kostless/repository/seeker_repo.go:89.2,89.20 1 1
kostless/repository/seeker_repo.go:93.85,97.16 3 0
kostless/repository/seeker_repo.go:97.16,99.3 1 0
kostless/repository/seeker_repo.go:100.2,100.20 1 0
kostless/repository/seeker_repo.go:103.49,105.2 1 1
kostless/repository/transRepo.go:24.75,26.16 2 0
kostless/repository/transRepo.go:26.16,28.3 1 0
kostless/repository/transRepo.go:30.2,45.16 2 0
kostless/repository/transRepo.go:45.16,48.3 2 0
kostless/repository/transRepo.go:50.2,51.16 2 0
kostless/repository/transRepo.go:51.16,53.3 1 0
kostless/repository/transRepo.go:55.2,55.21 1 0
kostless/repository/transRepo.go:58.66,75.16 4 0
kostless/repository/transRepo.go:75.16,78.3 2 0
kostless/repository/transRepo.go:80.2,83.19 3 0
kostless/repository/transRepo.go:86.62,88.16 2 0
kostless/repository/transRepo.go:88.16,90.3 1 0
kostless/repository/transRepo.go:92.2,94.18 3 0
kostless/repository/transRepo.go:94.18,110.17 3 0
kostless/repository/transRepo.go:110.17,112.4 1 0
kostless/repository/transRepo.go:114.3,116.39 3 0
kostless/repository/transRepo.go:118.2,118.23 1 0
kostless/repository/transRepo.go:121.62,123.16 2 0
kostless/repository/transRepo.go:123.16,125.3 1 0
kostless/repository/transRepo.go:127.2,129.18 3 0
kostless/repository/transRepo.go:129.18,145.17 3 0
kostless/repository/transRepo.go:145.17,147.4 1 0
kostless/repository/transRepo.go:149.3,151.39 3 0
kostless/repository/transRepo.go:153.2,153.23 1 0
kostless/repository/transRepo.go:156.87,158.16 2 0
kostless/repository/transRepo.go:158.16,160.3 1 0
kostless/repository/transRepo.go:162.2,164.18 3 0
kostless/repository/transRepo.go:164.18,180.17 3 0
kostless/repository/transRepo.go:180.17,182.4 1 0
kostless/repository/transRepo.go:183.3,183.39 1 0
kostless/repository/transRepo.go:185.2,186.23 2 0
kostless/repository/transRepo.go:189.87,192.16 3 0
kostless/repository/transRepo.go:192.16,194.3 1 0
kostless/repository/transRepo.go:195.2,195.26 1 0
kostless/repository/transRepo.go:198.41,202.2 1 0
kostless/repository/user_repo.go:23.63,27.16 3 0
kostless/repository/user_repo.go:27.16,29.3 1 0
kostless/repository/user_repo.go:30.2,30.18 1 0
kostless/repository/user_repo.go:34.72,38.2 3 0
kostless/repository/user_repo.go:41.71,44.16 3 0
kostless/repository/user_repo.go:44.16,46.3 1 0
kostless/repository/user_repo.go:47.2,47.18 1 0
kostless/repository/user_repo.go:51.75,55.16 3 0
kostless/repository/user_repo.go:55.16,57.3 1 0
kostless/repository/user_repo.go:58.2,58.18 1 0
kostless/repository/user_repo.go:61.45,63.2 1 0
kostless/repository/voucher_repository.go:21.90,23.16 2 0
kostless/repository/voucher_repository.go:23.16,25.3 1 0
kostless/repository/voucher_repository.go:27.2,39.16 3 0
kostless/repository/voucher_repository.go:39.16,42.3 2 0
kostless/repository/voucher_repository.go:43.2,48.16 6 0
kostless/repository/voucher_repository.go:48.16,50.3 1 0
kostless/repository/voucher_repository.go:52.2,52.24 1 0
kostless/repository/voucher_repository.go:55.52,58.16 3 0
kostless/repository/voucher_repository.go:58.16,60.3 1 0
kostless/repository/voucher_repository.go:61.2,61.12 1 0
kostless/repository/voucher_repository.go:64.64,67.16 3 0
kostless/repository/voucher_repository.go:67.16,69.3 1 0
kostless/repository/voucher_repository.go:71.2,71.18 1 0
kostless/repository/voucher_repository.go:71.18,82.17 3 0
kostless/repository/voucher_repository.go:82.17,84.4 1 0
kostless/repository/voucher_repository.go:85.3,85.45 1 0
kostless/repository/voucher_repository.go:87.2,87.25 1 0
kostless/repository/voucher_repository.go:90.79,93.16 3 0
kostless/repository/voucher_repository.go:93.16,95.3 1 0
kostless/repository/voucher_repository.go:97.2,97.18 1 0
kostless/repository/voucher_repository.go:97.18,108.17 3 0
kostless/repository/voucher_repository.go:108.17,110.4 1 0
kostless/repository/voucher_repository.go:111.3,111.45 1 0
kostless/repository/voucher_repository.go:113.2,113.25 1 0
kostless/repository/voucher_repository.go:116.45,120.2 1 0
